<?xml version="1.0" encoding="UTF-8"?>
<!-- Generated by org.testng.reporters.JUnitReportReporter -->
<testsuite skipped="0" hostname="360NDCPC042" name="com.crm.qa.testcases.LoginpageTest" tests="2" failures="0" timestamp="06 Sep 2019 07:27:26 GMT" time="69.021" errors="0">
  <testcase name="loginpageTitle" time="30.748" classname="com.crm.qa.testcases.LoginpageTest"/>
  <testcase name="loginuser" time="38.273" classname="com.crm.qa.testcases.LoginpageTest"/>
</testsuite> <!-- com.crm.qa.testcases.LoginpageTest -->
