<?xml version="1.0" encoding="UTF-8"?>
<!-- Generated by org.testng.reporters.JUnitReportReporter -->
<testsuite skipped="0" hostname="360NDCPC042" name="com.crm.qa.base.TestBase" tests="1" failures="0" timestamp="05 Sep 2019 09:54:33 GMT" time="0.007" errors="0">
  <testcase name="TestBase1" time="0.007" classname="com.crm.qa.base.TestBase"/>
</testsuite> <!-- com.crm.qa.base.TestBase -->
